{"level":"info","message":"Magic happens on port 5500"}
{"message":"::1 - - [05/Aug/2019:06:21:18 +0000] \"POST /insertProject HTTP/1.1\" - - \"http://localhost:3000/submit-zip\" \"Mozilla/5.0 (Linux; Android 6.0; Nexus 5 Build/MRA58N) AppleWebKit/537.36 (KHTML, like Gecko) Chrome/75.0.3770.100 Mobile Safari/537.36\"\n","level":"info"}
{"message":"::1 - - [05/Aug/2019:06:21:46 +0000] \"POST /insertProject HTTP/1.1\" - - \"http://localhost:3000/submit-zip\" \"Mozilla/5.0 (Linux; Android 6.0; Nexus 5 Build/MRA58N) AppleWebKit/537.36 (KHTML, like Gecko) Chrome/75.0.3770.100 Mobile Safari/537.36\"\n","level":"info"}
{"error":{},"level":"error","message":"uncaughtException: await is only valid in async function\n/home/anibit/Documents/MountBlue/repos/major project git/major-project-udacity/uploadproject/config/crudFunction.js:40\n        const [rows] = await db.query(`select * FROM project '`);\n                       ^^^^^\n\nSyntaxError: await is only valid in async function\n    at createScript (vm.js:80:10)\n    at Object.runInThisContext (vm.js:139:10)\n    at Module._compile (module.js:616:28)\n    at Object.Module._extensions..js (module.js:663:10)\n    at Module.load (module.js:565:32)\n    at tryModuleLoad (module.js:505:12)\n    at Function.Module._load (module.js:497:3)\n    at Module.require (module.js:596:17)\n    at require (internal/module.js:11:18)\n    at Object.<anonymous> (/home/anibit/Documents/MountBlue/repos/major project git/major-project-udacity/uploadproject/routes/insert.js:2:27)","stack":"/home/anibit/Documents/MountBlue/repos/major project git/major-project-udacity/uploadproject/config/crudFunction.js:40\n        const [rows] = await db.query(`select * FROM project '`);\n                       ^^^^^\n\nSyntaxError: await is only valid in async function\n    at createScript (vm.js:80:10)\n    at Object.runInThisContext (vm.js:139:10)\n    at Module._compile (module.js:616:28)\n    at Object.Module._extensions..js (module.js:663:10)\n    at Module.load (module.js:565:32)\n    at tryModuleLoad (module.js:505:12)\n    at Function.Module._load (module.js:497:3)\n    at Module.require (module.js:596:17)\n    at require (internal/module.js:11:18)\n    at Object.<anonymous> (/home/anibit/Documents/MountBlue/repos/major project git/major-project-udacity/uploadproject/routes/insert.js:2:27)","exception":true,"date":"Mon Aug 05 2019 12:00:27 GMT+0530 (IST)","process":{"pid":15935,"uid":1000,"gid":1000,"cwd":"/home/anibit/Documents/MountBlue/repos/major project git/major-project-udacity/uploadproject","execPath":"/usr/bin/node","version":"v8.10.0","argv":["/usr/bin/node","/home/anibit/Documents/MountBlue/repos/major project git/major-project-udacity/uploadproject/index.js"],"memoryUsage":{"rss":43921408,"heapTotal":20447232,"heapUsed":13355504,"external":159112}},"os":{"loadavg":[2.16943359375,2.07568359375,1.5849609375],"uptime":64316},"trace":[{"column":10,"file":"vm.js","function":"createScript","line":80,"method":null,"native":false},{"column":10,"file":"vm.js","function":"Object.runInThisContext","line":139,"method":"runInThisContext","native":false},{"column":28,"file":"module.js","function":"Module._compile","line":616,"method":"_compile","native":false},{"column":10,"file":"module.js","function":"Module._extensions..js","line":663,"method":".js","native":false},{"column":32,"file":"module.js","function":"Module.load","line":565,"method":"load","native":false},{"column":12,"file":"module.js","function":"tryModuleLoad","line":505,"method":null,"native":false},{"column":3,"file":"module.js","function":"Module._load","line":497,"method":"_load","native":false},{"column":17,"file":"module.js","function":"Module.require","line":596,"method":"require","native":false},{"column":18,"file":"internal/module.js","function":"require","line":11,"method":null,"native":false},{"column":27,"file":"/home/anibit/Documents/MountBlue/repos/major project git/major-project-udacity/uploadproject/routes/insert.js","function":null,"line":2,"method":null,"native":false}]}
{"level":"info","message":"Magic happens on port 5500"}
{"level":"info","message":"Magic happens on port 5500"}
{"level":"info","message":"Magic happens on port 5500"}
{"level":"info","message":"Magic happens on port 5500"}
{"level":"info","message":"Magic happens on port 5500"}
{"message":"::1 - - [05/Aug/2019:06:45:16 +0000] \"POST /insertProject HTTP/1.1\" - - \"http://localhost:3000/submit-zip\" \"Mozilla/5.0 (Linux; Android 6.0; Nexus 5 Build/MRA58N) AppleWebKit/537.36 (KHTML, like Gecko) Chrome/75.0.3770.100 Mobile Safari/537.36\"\n","level":"info"}
{"message":"::1 - - [05/Aug/2019:06:54:06 +0000] \"POST /insertProject HTTP/1.1\" - - \"http://localhost:3000/submit-zip\" \"Mozilla/5.0 (Linux; Android 6.0; Nexus 5 Build/MRA58N) AppleWebKit/537.36 (KHTML, like Gecko) Chrome/75.0.3770.100 Mobile Safari/537.36\"\n","level":"info"}
{"message":"::1 - - [05/Aug/2019:06:55:06 +0000] \"POST /insertProject HTTP/1.1\" - - \"http://localhost:3000/submit-zip\" \"Mozilla/5.0 (Linux; Android 6.0; Nexus 5 Build/MRA58N) AppleWebKit/537.36 (KHTML, like Gecko) Chrome/75.0.3770.100 Mobile Safari/537.36\"\n","level":"info"}
{"level":"info","message":"Magic happens on port 5500"}
{"level":"info","message":"Magic happens on port 5500"}
{"level":"info","message":"Magic happens on port 5500"}
{"level":"info","message":"Magic happens on port 5500"}
{"message":"::1 - - [05/Aug/2019:07:11:12 +0000] \"POST /insertProject HTTP/1.1\" 200 49 \"http://localhost:3000/submit-zip\" \"Mozilla/5.0 (Linux; Android 6.0; Nexus 5 Build/MRA58N) AppleWebKit/537.36 (KHTML, like Gecko) Chrome/75.0.3770.100 Mobile Safari/537.36\"\n","level":"info"}
{"level":"info","message":"Magic happens on port 5500"}
{"message":"::1 - - [05/Aug/2019:07:12:21 +0000] \"POST /insertProject HTTP/1.1\" 200 49 \"http://localhost:3000/submit-zip\" \"Mozilla/5.0 (Linux; Android 6.0; Nexus 5 Build/MRA58N) AppleWebKit/537.36 (KHTML, like Gecko) Chrome/75.0.3770.100 Mobile Safari/537.36\"\n","level":"info"}
{"level":"info","message":"Magic happens on port 5500"}
{"message":"::1 - - [05/Aug/2019:07:13:28 +0000] \"POST /insertProject HTTP/1.1\" 200 49 \"http://localhost:3000/submit-zip\" \"Mozilla/5.0 (Linux; Android 6.0; Nexus 5 Build/MRA58N) AppleWebKit/537.36 (KHTML, like Gecko) Chrome/75.0.3770.100 Mobile Safari/537.36\"\n","level":"info"}
{"level":"info","message":"Magic happens on port 5500"}
{"message":"::1 - - [05/Aug/2019:07:15:37 +0000] \"POST /insertProject HTTP/1.1\" 200 - \"http://localhost:3000/submit-zip\" \"Mozilla/5.0 (Linux; Android 6.0; Nexus 5 Build/MRA58N) AppleWebKit/537.36 (KHTML, like Gecko) Chrome/75.0.3770.100 Mobile Safari/537.36\"\n","level":"info"}
{"level":"info","message":"Magic happens on port 5500"}
{"message":"::1 - - [05/Aug/2019:07:17:22 +0000] \"POST /insertProject HTTP/1.1\" 200 59 \"http://localhost:3000/submit-zip\" \"Mozilla/5.0 (Linux; Android 6.0; Nexus 5 Build/MRA58N) AppleWebKit/537.36 (KHTML, like Gecko) Chrome/75.0.3770.100 Mobile Safari/537.36\"\n","level":"info"}
